[2026-03-28T17:29:37Z] [INFO] Creating user: jane.smith@cangianostudios.com
[2026-03-28T17:29:37Z] [WARN] User jane.smith@cangianostudios.com already exists — skipping
[2026-03-28T17:29:37Z] [INFO] Starting onboarding run | CSV: new_hires.csv
[2026-03-28T17:29:37Z] [INFO] Log file: logs/onboard_20260328_132937.log
[2026-03-28T17:29:37Z] [INFO] --- Processing: Jeremy Cangiano (Engineering) ---
[2026-03-28T17:29:38Z] [INFO] Creating user: jeremy.cangiano@cangianostudios.com
[2026-03-28T17:29:39Z] [SUCCESS] Created user jeremy.cangiano@cangianostudios.com
[2026-03-28T17:29:39Z] [INFO] Adding [2026-03-28T17:29:38Z] [INFO] Creating user: jeremy.cangiano@cangianostudios.com
[2026-03-28T17:29:39Z] [SUCCESS] Created user jeremy.cangiano@cangianostudios.com
jeremy.cangiano@cangianostudios.com to group eng@cangianostudios.com
[2026-03-28T17:29:39Z] [ERROR] Failed to add [2026-03-28T17:29:38Z] [INFO] Creating user: jeremy.cangiano@cangianostudios.com
[2026-03-28T17:29:39Z] [SUCCESS] Created user jeremy.cangiano@cangianostudios.com
jeremy.cangiano@cangianostudios.com to eng@cangianostudios.com (HTTP 400): {
  "error": {
    "code": 400,
    "message": "Invalid Input: memberKey",
    "errors": [
      {
        "message": "Invalid Input: memberKey",
        "domain": "global",
        "reason": "invalid"
      }
    ]
  }
}
[2026-03-28T17:29:40Z] [ERROR] Failed to get token: Invalid impersonation &quot;sub&quot; field: [2026-03-28T17:29:38Z] [INFO] Creating user: jeremy.cangiano@cangianostudios.com
[2026-03-28T17:29:39Z] [SUCCESS] Created user jeremy.cangiano@cangianostudios.com
jeremy.cangiano@cangianostudios.com
[2026-03-28T17:29:40Z] [WARN] Could not get Gmail token for [2026-03-28T17:29:38Z] [INFO] Creating user: jeremy.cangiano@cangianostudios.com
[2026-03-28T17:29:39Z] [SUCCESS] Created user jeremy.cangiano@cangianostudios.com
jeremy.cangiano@cangianostudios.com — skipping welcome email
[2026-03-28T17:29:40Z] [INFO] ================================================
[2026-03-28T17:29:40Z] [INFO] Run complete | Total: 1 | OK: 1 | Failed: 0
[2026-03-28T17:29:40Z] [INFO] ================================================
